Arguments: 
  /usr/local/bin/node /usr/local/bin/yarn install

PATH: 
  /Users/ajay/Library/Python/2.7/bin:/Users/ajay/Library/Android/sdk/platform-tools:/Users/ajay/Library/Android/sdk/tools:/usr/local/opt/nss/bin:/Users/ajay/.cargo/bin:/usr/local/sbin:/usr/local/bin:/usr/bin:/bin:/usr/sbin:/sbin:/Applications/Postgres.app/Contents/Versions/latest/bin:/Users/ajay/Library/Python/2.7/bin:/Users/ajay/Library/Android/sdk/platform-tools:/Users/ajay/Library/Android/sdk/tools:/usr/local/opt/nss/bin:/Users/ajay/.cargo/bin:/usr/local/sbin

Yarn version: 
  1.3.2

Node version: 
  14.2.0

Platform: 
  darwin x64

npm manifest: 
  {
    "name": "mecca",
    "version": "1.0.0",
    "description": "Mecca's website",
    "main": "index.js",
    "scripts": {
      "clean": "rm dist/bundle.js",
      "start": "parcel src/index.html",
      "build-prod": "parcel build src/index.html"
    },
    "dependencies": {
      "react": "^16.10.1",
      "react-dom": "^16.10.1",
    },
    "devDependencies": {
      "@babel/core": "^7.6.2",
      "@babel/preset-env": "^7.6.2",
      "@babel/preset-react": "^7.0.0",
      "eslint": "^6.5.0",
      "parcel-bundler": "^1.12.3",
    },
    "author": "",
    "license": "ISC"
  }

yarn manifest: 
  No manifest

Lockfile: 
  No lockfile

Trace: 
  SyntaxError: /Users/ajay/Work/mecca/mecca-site/frontend/package.json: Unexpected token } in JSON at position 317
      at JSON.parse (<anonymous>)
      at /usr/local/lib/node_modules/yarn/lib/cli.js:770:59
      at Generator.next (<anonymous>)
      at step (/usr/local/lib/node_modules/yarn/lib/cli.js:92:30)
      at /usr/local/lib/node_modules/yarn/lib/cli.js:103:13
